<?xml version="1.0" encoding="UTF-8"?>
<robot generator="Robot 4.1.3 (Python 3.9.13 on win32)" generated="20220529 09:42:36.117" rpa="false" schemaversion="2">
<suite id="s1" name="testSite" source="C:\Users\Jaime\Documents\RobotFramework\barrigaReact\RB\SuiteSitebarriga\tests\testSite.robot">
<test id="s1-t1" name="Caso de testes 02: logando com sucesso">
<kw name="Abrir o navegador" library="Resource" type="SETUP">
<kw name="Open Browser" library="SeleniumLibrary">
<arg>about:blank</arg>
<arg>${Browser}</arg>
<doc>Opens a new browser instance to the optional ``url``.</doc>
<msg timestamp="20220529 09:42:40.184" level="INFO">Opening browser 'chrome' to base url 'about:blank'.</msg>
<status status="PASS" starttime="20220529 09:42:40.184" endtime="20220529 09:42:45.158"/>
</kw>
<kw name="Maximize Browser Window" library="SeleniumLibrary">
<doc>Maximizes current browser window.</doc>
<status status="PASS" starttime="20220529 09:42:45.158" endtime="20220529 09:42:45.332"/>
</kw>
<status status="PASS" starttime="20220529 09:42:40.184" endtime="20220529 09:42:45.333"/>
</kw>
<kw name="Dado que acesso a página home do site" library="home">
<kw name="Go To" library="SeleniumLibrary">
<arg>${URL}</arg>
<doc>Navigates the current browser window to the provided ``url``.</doc>
<msg timestamp="20220529 09:42:45.340" level="INFO">Opening url 'https://barrigareact.wcaquino.me/'</msg>
<status status="PASS" starttime="20220529 09:42:45.339" endtime="20220529 09:42:47.567"/>
</kw>
<kw name="Wait Until Element Is Visible" library="SeleniumLibrary">
<arg>${HOME_LOGIN}</arg>
<doc>Waits until the element ``locator`` is visible.</doc>
<status status="PASS" starttime="20220529 09:42:47.567" endtime="20220529 09:42:47.817"/>
</kw>
<kw name="Title Should Be" library="SeleniumLibrary">
<arg>React App</arg>
<doc>Verifies that the current page title equals ``title``.</doc>
<msg timestamp="20220529 09:42:47.833" level="INFO">Page title is 'React App'.</msg>
<status status="PASS" starttime="20220529 09:42:47.817" endtime="20220529 09:42:47.833"/>
</kw>
<status status="PASS" starttime="20220529 09:42:45.337" endtime="20220529 09:42:47.833"/>
</kw>
<kw name="E digito um email e senha válidos" library="home">
<kw name="Input Text" library="SeleniumLibrary">
<arg>${HOME_LOGIN_EMAIL}</arg>
<arg>cab1a@gmail.com</arg>
<doc>Types the given ``text`` into the text field identified by ``locator``.</doc>
<msg timestamp="20220529 09:42:47.841" level="INFO">Typing text 'cab1a@gmail.com' into text field '//input[contains(@data-test,'email')]'.</msg>
<status status="PASS" starttime="20220529 09:42:47.833" endtime="20220529 09:42:48.202"/>
</kw>
<kw name="Input Text" library="SeleniumLibrary">
<arg>${HOME_LOGIN_PWD}</arg>
<arg>1234</arg>
<doc>Types the given ``text`` into the text field identified by ``locator``.</doc>
<msg timestamp="20220529 09:42:48.202" level="INFO">Typing text '1234' into text field '//input[@type='password']'.</msg>
<status status="PASS" starttime="20220529 09:42:48.202" endtime="20220529 09:42:48.469"/>
</kw>
<status status="PASS" starttime="20220529 09:42:47.833" endtime="20220529 09:42:48.477"/>
</kw>
<kw name="E clico no botão entrar" library="home">
<kw name="Click Button" library="SeleniumLibrary">
<arg>${HOME_LOGIN_BTNENTRAR}</arg>
<doc>Clicks the button identified by ``locator``.</doc>
<msg timestamp="20220529 09:42:48.477" level="INFO">Clicking button '//button[@type='submit'][contains(.,'Entrar')]'.</msg>
<status status="PASS" starttime="20220529 09:42:48.477" endtime="20220529 09:42:48.712"/>
</kw>
<kw name="Wait Until Element Is Visible" library="SeleniumLibrary">
<arg>${ALERT_WELCOME}</arg>
<doc>Waits until the element ``locator`` is visible.</doc>
<status status="PASS" starttime="20220529 09:42:48.712" endtime="20220529 09:42:49.973"/>
</kw>
<status status="PASS" starttime="20220529 09:42:48.477" endtime="20220529 09:42:49.989"/>
</kw>
<kw name="Fechar o navegador" library="Resource" type="TEARDOWN">
<kw name="Close Browser" library="SeleniumLibrary">
<doc>Closes the current browser.</doc>
<status status="PASS" starttime="20220529 09:42:49.994" endtime="20220529 09:42:52.837"/>
</kw>
<status status="PASS" starttime="20220529 09:42:49.989" endtime="20220529 09:42:52.837"/>
</kw>
<tag>Login</tag>
<status status="PASS" starttime="20220529 09:42:40.176" endtime="20220529 09:42:52.837"/>
</test>
<status status="PASS" starttime="20220529 09:42:36.132" endtime="20220529 09:42:52.843"/>
</suite>
<statistics>
<total>
<stat pass="1" fail="0" skip="0">All Tests</stat>
</total>
<tag>
<stat pass="1" fail="0" skip="0">Login</stat>
</tag>
<suite>
<stat pass="1" fail="0" skip="0" id="s1" name="testSite">testSite</stat>
</suite>
</statistics>
<errors>
</errors>
</robot>
