<?xml version="1.0" encoding="UTF-8"?>
<robot generator="Robot 4.1.3 (Python 3.9.13 on win32)" generated="20220523 11:32:27.877" rpa="false" schemaversion="2">
<suite id="s1" name="testSite" source="C:\Users\Jaime\Documents\RobotFramework\barrigaReact\Robot-Framework---BarrigaReact\SuiteSitebarriga\tests\testSite.robot">
<test id="s1-t1" name="Caso de testes 07: alterando o nome de uma conta">
<kw name="Abrir o navegador" library="Resource" type="SETUP">
<kw name="Open Browser" library="SeleniumLibrary">
<arg>about:blank</arg>
<arg>${Browser}</arg>
<doc>Opens a new browser instance to the optional ``url``.</doc>
<msg timestamp="20220523 11:32:29.137" level="INFO">Opening browser 'chrome' to base url 'about:blank'.</msg>
<status status="PASS" starttime="20220523 11:32:29.132" endtime="20220523 11:32:34.020"/>
</kw>
<kw name="Maximize Browser Window" library="SeleniumLibrary">
<doc>Maximizes current browser window.</doc>
<status status="PASS" starttime="20220523 11:32:34.022" endtime="20220523 11:32:34.500"/>
</kw>
<status status="PASS" starttime="20220523 11:32:29.118" endtime="20220523 11:32:34.501"/>
</kw>
<kw name="Dado que acesso a página home do site" library="home">
<kw name="Go To" library="SeleniumLibrary">
<arg>${URL}</arg>
<doc>Navigates the current browser window to the provided ``url``.</doc>
<msg timestamp="20220523 11:32:34.517" level="INFO">Opening url 'https://barrigareact.wcaquino.me/'</msg>
<status status="PASS" starttime="20220523 11:32:34.516" endtime="20220523 11:32:38.702"/>
</kw>
<kw name="Wait Until Element Is Visible" library="SeleniumLibrary">
<arg>${HOME_LOGIN}</arg>
<doc>Waits until the element ``locator`` is visible.</doc>
<status status="PASS" starttime="20220523 11:32:38.706" endtime="20220523 11:32:38.896"/>
</kw>
<kw name="Title Should Be" library="SeleniumLibrary">
<arg>React App</arg>
<doc>Verifies that the current page title equals ``title``.</doc>
<msg timestamp="20220523 11:32:38.912" level="INFO">Page title is 'React App'.</msg>
<status status="PASS" starttime="20220523 11:32:38.897" endtime="20220523 11:32:38.913"/>
</kw>
<status status="PASS" starttime="20220523 11:32:34.513" endtime="20220523 11:32:38.913"/>
</kw>
<kw name="E digito um email e senha válidos" library="home">
<kw name="Input Text" library="SeleniumLibrary">
<arg>${HOME_LOGIN_EMAIL}</arg>
<arg>cab1a@gmail.com</arg>
<doc>Types the given ``text`` into the text field identified by ``locator``.</doc>
<msg timestamp="20220523 11:32:38.918" level="INFO">Typing text 'cab1a@gmail.com' into text field '//input[contains(@data-test,'email')]'.</msg>
<status status="PASS" starttime="20220523 11:32:38.917" endtime="20220523 11:32:39.483"/>
</kw>
<kw name="Input Text" library="SeleniumLibrary">
<arg>${HOME_LOGIN_PWD}</arg>
<arg>1234</arg>
<doc>Types the given ``text`` into the text field identified by ``locator``.</doc>
<msg timestamp="20220523 11:32:39.485" level="INFO">Typing text '1234' into text field '//input[@type='password']'.</msg>
<status status="PASS" starttime="20220523 11:32:39.484" endtime="20220523 11:32:39.840"/>
</kw>
<status status="PASS" starttime="20220523 11:32:38.916" endtime="20220523 11:32:39.840"/>
</kw>
<kw name="E clico no botão entrar" library="home">
<kw name="Click Button" library="SeleniumLibrary">
<arg>${HOME_LOGIN_BTNENTRAR}</arg>
<doc>Clicks the button identified by ``locator``.</doc>
<msg timestamp="20220523 11:32:39.845" level="INFO">Clicking button '//button[@type='submit'][contains(.,'Entrar')]'.</msg>
<status status="PASS" starttime="20220523 11:32:39.843" endtime="20220523 11:32:40.131"/>
</kw>
<kw name="Wait Until Element Is Visible" library="SeleniumLibrary">
<arg>${ALERT_WELCOME}</arg>
<doc>Waits until the element ``locator`` is visible.</doc>
<status status="PASS" starttime="20220523 11:32:40.132" endtime="20220523 11:32:41.988"/>
</kw>
<status status="PASS" starttime="20220523 11:32:39.842" endtime="20220523 11:32:41.992"/>
</kw>
<kw name="Quando clico em settings" library="home">
<kw name="Click Element" library="SeleniumLibrary">
<arg>${HOME_BTN_SETTINGS}</arg>
<doc>Click the element identified by ``locator``.</doc>
<msg timestamp="20220523 11:32:41.999" level="INFO">Clicking element '//a[contains(@class,'nav-link dropdown-toggle')]'.</msg>
<status status="PASS" starttime="20220523 11:32:41.997" endtime="20220523 11:32:42.391"/>
</kw>
<status status="PASS" starttime="20220523 11:32:41.995" endtime="20220523 11:32:42.392"/>
</kw>
<kw name="Então clico em Contas" library="home">
<kw name="Click Element" library="SeleniumLibrary">
<arg>${HOME_CONTAS}</arg>
<doc>Click the element identified by ``locator``.</doc>
<msg timestamp="20220523 11:32:42.408" level="INFO">Clicking element '//a[contains(.,'Contas')]'.</msg>
<status status="PASS" starttime="20220523 11:32:42.405" endtime="20220523 11:32:42.867"/>
</kw>
<status status="PASS" starttime="20220523 11:32:42.397" endtime="20220523 11:32:42.869"/>
</kw>
<kw name="E digito Conta Corrente" library="contas">
<kw name="Input Text" library="SeleniumLibrary">
<arg>${INPUT_CONTA}</arg>
<arg>Conta Corrente</arg>
<doc>Types the given ``text`` into the text field identified by ``locator``.</doc>
<msg timestamp="20220523 11:32:42.889" level="INFO">Typing text 'Conta Corrente' into text field '//input[contains(@type,'text')]'.</msg>
<status status="PASS" starttime="20220523 11:32:42.887" endtime="20220523 11:32:43.555"/>
</kw>
<status status="PASS" starttime="20220523 11:32:42.885" endtime="20220523 11:32:43.556"/>
</kw>
<kw name="Então clico no ícone azul de salvar" library="contas">
<kw name="Click Button" library="SeleniumLibrary">
<arg>${BTN_SAVE_CONTA}</arg>
<doc>Clicks the button identified by ``locator``.</doc>
<msg timestamp="20220523 11:32:43.562" level="INFO">Clicking button '//button[contains(@class,'btn btn-primary btn-block')]'.</msg>
<status status="PASS" starttime="20220523 11:32:43.561" endtime="20220523 11:32:43.919"/>
</kw>
<status status="PASS" starttime="20220523 11:32:43.558" endtime="20220523 11:32:43.919"/>
</kw>
<kw name="E confiro se consta Conta Corrente como salva" library="contas">
<kw name="Wait Until Element Is Visible" library="SeleniumLibrary">
<arg>${CONTA_ALERT_SUCESSO}</arg>
<doc>Waits until the element ``locator`` is visible.</doc>
<status status="PASS" starttime="20220523 11:32:43.924" endtime="20220523 11:32:45.080"/>
</kw>
<kw name="Page Should Contain" library="SeleniumLibrary">
<arg>Conta Corrente</arg>
<doc>Verifies that current page contains ``text``.</doc>
<msg timestamp="20220523 11:32:45.152" level="INFO">Current page contains text 'Conta Corrente'.</msg>
<status status="PASS" starttime="20220523 11:32:45.081" endtime="20220523 11:32:45.153"/>
</kw>
<status status="PASS" starttime="20220523 11:32:43.922" endtime="20220523 11:32:45.154"/>
</kw>
<kw name="Quando clico no ícone de alterar" library="contas">
<kw name="Click Element" library="SeleniumLibrary">
<arg>${ALTERAR_CONTA}</arg>
<doc>Click the element identified by ``locator``.</doc>
<msg timestamp="20220523 11:32:45.164" level="INFO">Clicking element '//i[contains(@class,'far fa-edit')]'.</msg>
<status status="PASS" starttime="20220523 11:32:45.163" endtime="20220523 11:32:45.510"/>
</kw>
<status status="PASS" starttime="20220523 11:32:45.160" endtime="20220523 11:32:45.514"/>
</kw>
<kw name="E digito Conta Salário" library="contas">
<kw name="Clear Element Text" library="SeleniumLibrary">
<arg>${CLEAR_ELEMENT}</arg>
<doc>Clears the value of the text-input-element identified by ``locator``.</doc>
<status status="PASS" starttime="20220523 11:32:45.529" endtime="20220523 11:32:45.756"/>
</kw>
<kw name="Input Text" library="SeleniumLibrary">
<arg>${CLEAR_ELEMENT}</arg>
<arg>Conta Salário</arg>
<doc>Types the given ``text`` into the text field identified by ``locator``.</doc>
<msg timestamp="20220523 11:32:45.760" level="INFO">Typing text 'Conta Salário' into text field '//input[contains(@type,'text')]'.</msg>
<status status="PASS" starttime="20220523 11:32:45.757" endtime="20220523 11:32:46.441"/>
</kw>
<status status="PASS" starttime="20220523 11:32:45.524" endtime="20220523 11:32:46.442"/>
</kw>
<kw name="Então clico no ícone azul de salvar" library="contas">
<kw name="Click Button" library="SeleniumLibrary">
<arg>${BTN_SAVE_CONTA}</arg>
<doc>Clicks the button identified by ``locator``.</doc>
<msg timestamp="20220523 11:32:46.447" level="INFO">Clicking button '//button[contains(@class,'btn btn-primary btn-block')]'.</msg>
<status status="PASS" starttime="20220523 11:32:46.446" endtime="20220523 11:32:46.721"/>
</kw>
<status status="PASS" starttime="20220523 11:32:46.444" endtime="20220523 11:32:46.722"/>
</kw>
<tag>Alteração</tag>
<tag>Contas</tag>
<status status="PASS" starttime="20220523 11:32:29.109" endtime="20220523 11:32:46.726"/>
</test>
<status status="PASS" starttime="20220523 11:32:27.883" endtime="20220523 11:32:46.738"/>
</suite>
<statistics>
<total>
<stat pass="1" fail="0" skip="0">All Tests</stat>
</total>
<tag>
<stat pass="1" fail="0" skip="0">Alteração</stat>
<stat pass="1" fail="0" skip="0">Contas</stat>
</tag>
<suite>
<stat pass="1" fail="0" skip="0" id="s1" name="testSite">testSite</stat>
</suite>
</statistics>
<errors>
</errors>
</robot>
