<?xml version="1.0" encoding="UTF-8"?>
<robot generator="Robot 4.1.3 (Python 3.9.13 on win32)" generated="20220520 17:14:57.646" rpa="false" schemaversion="2">
<suite id="s1" name="testSite" source="C:\Users\Jaime\Documents\RobotFramework\barrigaReact\SuiteSitebarriga\tests\testSite.robot">
<test id="s1-t1" name="Caso de testes 02: logando com sucesso">
<kw name="Abrir o navegador" library="Resource" type="SETUP">
<kw name="Open Browser" library="SeleniumLibrary">
<arg>about:blank</arg>
<arg>${Browser}</arg>
<doc>Opens a new browser instance to the optional ``url``.</doc>
<msg timestamp="20220520 17:14:58.674" level="INFO">Opening browser 'chrome' to base url 'about:blank'.</msg>
<status status="PASS" starttime="20220520 17:14:58.673" endtime="20220520 17:15:03.442"/>
</kw>
<kw name="Maximize Browser Window" library="SeleniumLibrary">
<doc>Maximizes current browser window.</doc>
<status status="PASS" starttime="20220520 17:15:03.442" endtime="20220520 17:15:03.720"/>
</kw>
<status status="PASS" starttime="20220520 17:14:58.671" endtime="20220520 17:15:03.720"/>
</kw>
<kw name="Dado que acesso a página home do site" library="home">
<kw name="Go To" library="SeleniumLibrary">
<arg>${URL}</arg>
<doc>Navigates the current browser window to the provided ``url``.</doc>
<msg timestamp="20220520 17:15:03.730" level="INFO">Opening url 'https://barrigareact.wcaquino.me/'</msg>
<status status="PASS" starttime="20220520 17:15:03.728" endtime="20220520 17:15:06.526"/>
</kw>
<kw name="Wait Until Element Is Visible" library="SeleniumLibrary">
<arg>${HOME_LOGIN}</arg>
<doc>Waits until the element ``locator`` is visible.</doc>
<status status="PASS" starttime="20220520 17:15:06.526" endtime="20220520 17:15:06.642"/>
</kw>
<kw name="Title Should Be" library="SeleniumLibrary">
<arg>React App</arg>
<doc>Verifies that the current page title equals ``title``.</doc>
<msg timestamp="20220520 17:15:06.673" level="INFO">Page title is 'React App'.</msg>
<status status="PASS" starttime="20220520 17:15:06.642" endtime="20220520 17:15:06.673"/>
</kw>
<status status="PASS" starttime="20220520 17:15:03.720" endtime="20220520 17:15:06.673"/>
</kw>
<kw name="E digito um email válido" library="home">
<kw name="Input Text" library="SeleniumLibrary">
<arg>${HOME_LOGIN_EMAIL}</arg>
<arg>cab1a@gmail.com</arg>
<doc>Types the given ``text`` into the text field identified by ``locator``.</doc>
<msg timestamp="20220520 17:15:06.673" level="INFO">Typing text 'cab1a@gmail.com' into text field '//input[contains(@data-test,'email')]'.</msg>
<status status="PASS" starttime="20220520 17:15:06.673" endtime="20220520 17:15:07.150"/>
</kw>
<status status="PASS" starttime="20220520 17:15:06.673" endtime="20220520 17:15:07.151"/>
</kw>
<kw name="E digito uma senha válida" library="home">
<kw name="Input Text" library="SeleniumLibrary">
<arg>${HOME_LOGIN_PWD}</arg>
<arg>1234</arg>
<doc>Types the given ``text`` into the text field identified by ``locator``.</doc>
<msg timestamp="20220520 17:15:07.156" level="INFO">Typing text '1234' into text field '//input[@type='password']'.</msg>
<status status="PASS" starttime="20220520 17:15:07.154" endtime="20220520 17:15:07.447"/>
</kw>
<status status="PASS" starttime="20220520 17:15:07.152" endtime="20220520 17:15:07.448"/>
</kw>
<kw name="E clico no botão entrar" library="home">
<kw name="Click Button" library="SeleniumLibrary">
<arg>${HOME_LOGIN_BTNENTRAR}</arg>
<doc>Clicks the button identified by ``locator``.</doc>
<msg timestamp="20220520 17:15:07.452" level="INFO">Clicking button '//button[@type='submit'][contains(.,'Entrar')]'.</msg>
<status status="PASS" starttime="20220520 17:15:07.451" endtime="20220520 17:15:07.676"/>
</kw>
<kw name="Wait Until Element Is Visible" library="SeleniumLibrary">
<arg>${ALERT_WELCOME}</arg>
<doc>Waits until the element ``locator`` is visible.</doc>
<status status="PASS" starttime="20220520 17:15:07.677" endtime="20220520 17:15:08.851"/>
</kw>
<status status="PASS" starttime="20220520 17:15:07.449" endtime="20220520 17:15:08.851"/>
</kw>
<status status="PASS" starttime="20220520 17:14:58.667" endtime="20220520 17:15:08.854"/>
</test>
<status status="PASS" starttime="20220520 17:14:57.665" endtime="20220520 17:15:08.868"/>
</suite>
<statistics>
<total>
<stat pass="1" fail="0" skip="0">All Tests</stat>
</total>
<tag>
</tag>
<suite>
<stat pass="1" fail="0" skip="0" id="s1" name="testSite">testSite</stat>
</suite>
</statistics>
<errors>
</errors>
</robot>
