<?xml version="1.0" encoding="UTF-8"?>
<robot generator="Robot 4.1.3 (Python 3.9.13 on win32)" generated="20220522 09:53:48.726" rpa="false" schemaversion="2">
<suite id="s1" name="testSite" source="C:\Users\Jaime\Documents\RobotFramework\barrigaReact\Robot-Framework---BarrigaReact\SuiteSitebarriga\tests\testSite.robot">
<test id="s1-t1" name="Caso de testes 04: criando uma conta corrente">
<kw name="Abrir o navegador" library="Resource" type="SETUP">
<kw name="Open Browser" library="SeleniumLibrary">
<arg>about:blank</arg>
<arg>${Browser}</arg>
<doc>Opens a new browser instance to the optional ``url``.</doc>
<msg timestamp="20220522 09:53:49.634" level="INFO">Opening browser 'chrome' to base url 'about:blank'.</msg>
<status status="PASS" starttime="20220522 09:53:49.634" endtime="20220522 09:53:53.199"/>
</kw>
<kw name="Maximize Browser Window" library="SeleniumLibrary">
<doc>Maximizes current browser window.</doc>
<status status="PASS" starttime="20220522 09:53:53.199" endtime="20220522 09:53:53.364"/>
</kw>
<status status="PASS" starttime="20220522 09:53:49.634" endtime="20220522 09:53:53.372"/>
</kw>
<kw name="Dado que acesso a página home do site" library="home">
<kw name="Go To" library="SeleniumLibrary">
<arg>${URL}</arg>
<doc>Navigates the current browser window to the provided ``url``.</doc>
<msg timestamp="20220522 09:53:53.372" level="INFO">Opening url 'https://barrigareact.wcaquino.me/'</msg>
<status status="PASS" starttime="20220522 09:53:53.372" endtime="20220522 09:53:55.546"/>
</kw>
<kw name="Wait Until Element Is Visible" library="SeleniumLibrary">
<arg>${HOME_LOGIN}</arg>
<doc>Waits until the element ``locator`` is visible.</doc>
<status status="PASS" starttime="20220522 09:53:55.546" endtime="20220522 09:53:55.639"/>
</kw>
<kw name="Title Should Be" library="SeleniumLibrary">
<arg>React App</arg>
<doc>Verifies that the current page title equals ``title``.</doc>
<msg timestamp="20220522 09:53:55.655" level="INFO">Page title is 'React App'.</msg>
<status status="PASS" starttime="20220522 09:53:55.639" endtime="20220522 09:53:55.655"/>
</kw>
<status status="PASS" starttime="20220522 09:53:53.372" endtime="20220522 09:53:55.655"/>
</kw>
<kw name="E digito um email e senha válidos" library="home">
<kw name="Input Text" library="SeleniumLibrary">
<arg>${HOME_LOGIN_EMAIL}</arg>
<arg>cab1a@gmail.com</arg>
<doc>Types the given ``text`` into the text field identified by ``locator``.</doc>
<msg timestamp="20220522 09:53:55.666" level="INFO">Typing text 'cab1a@gmail.com' into text field '//input[contains(@data-test,'email')]'.</msg>
<status status="PASS" starttime="20220522 09:53:55.655" endtime="20220522 09:53:56.035"/>
</kw>
<kw name="Input Text" library="SeleniumLibrary">
<arg>${HOME_LOGIN_PWD}</arg>
<arg>1234</arg>
<doc>Types the given ``text`` into the text field identified by ``locator``.</doc>
<msg timestamp="20220522 09:53:56.043" level="INFO">Typing text '1234' into text field '//input[@type='password']'.</msg>
<status status="PASS" starttime="20220522 09:53:56.035" endtime="20220522 09:53:56.304"/>
</kw>
<status status="PASS" starttime="20220522 09:53:55.655" endtime="20220522 09:53:56.304"/>
</kw>
<kw name="E clico no botão entrar" library="home">
<kw name="Click Button" library="SeleniumLibrary">
<arg>${HOME_LOGIN_BTNENTRAR}</arg>
<doc>Clicks the button identified by ``locator``.</doc>
<msg timestamp="20220522 09:53:56.312" level="INFO">Clicking button '//button[@type='submit'][contains(.,'Entrar')]'.</msg>
<status status="PASS" starttime="20220522 09:53:56.312" endtime="20220522 09:53:56.495"/>
</kw>
<kw name="Wait Until Element Is Visible" library="SeleniumLibrary">
<arg>${ALERT_WELCOME}</arg>
<doc>Waits until the element ``locator`` is visible.</doc>
<status status="PASS" starttime="20220522 09:53:56.495" endtime="20220522 09:53:57.664"/>
</kw>
<status status="PASS" starttime="20220522 09:53:56.312" endtime="20220522 09:53:57.664"/>
</kw>
<kw name="Quando clico em settings" library="home">
<kw name="Click Element" library="SeleniumLibrary">
<arg>${HOME_BTN_SETTINGS}</arg>
<doc>Click the element identified by ``locator``.</doc>
<msg timestamp="20220522 09:53:57.680" level="INFO">Clicking element '//a[contains(@class,'nav-link dropdown-toggle')]'.</msg>
<status status="PASS" starttime="20220522 09:53:57.664" endtime="20220522 09:53:57.888"/>
</kw>
<status status="PASS" starttime="20220522 09:53:57.664" endtime="20220522 09:53:57.888"/>
</kw>
<kw name="Então clico em Contas" library="home">
<kw name="Click Element" library="SeleniumLibrary">
<arg>${HOME_CONTAS}</arg>
<doc>Click the element identified by ``locator``.</doc>
<msg timestamp="20220522 09:53:57.888" level="INFO">Clicking element '//a[contains(.,'Contas')]'.</msg>
<status status="PASS" starttime="20220522 09:53:57.888" endtime="20220522 09:53:58.208"/>
</kw>
<status status="PASS" starttime="20220522 09:53:57.888" endtime="20220522 09:53:58.208"/>
</kw>
<kw name="E digito Conta Corrente" library="contas">
<kw name="Input Text" library="SeleniumLibrary">
<arg>${INPUT_CONTA}</arg>
<arg>Conta Corrente</arg>
<doc>Types the given ``text`` into the text field identified by ``locator``.</doc>
<msg timestamp="20220522 09:53:58.216" level="INFO">Typing text 'Conta Corrente' into text field '//input[contains(@type,'text')]'.</msg>
<status status="PASS" starttime="20220522 09:53:58.208" endtime="20220522 09:53:58.582"/>
</kw>
<status status="PASS" starttime="20220522 09:53:58.208" endtime="20220522 09:53:58.582"/>
</kw>
<kw name="Então clico no ícone azul de salvar" library="contas">
<kw name="Click Button" library="SeleniumLibrary">
<arg>${BTN_SAVE_CONTA}</arg>
<doc>Clicks the button identified by ``locator``.</doc>
<msg timestamp="20220522 09:53:58.590" level="INFO">Clicking button '//button[contains(@class,'btn btn-primary btn-block')]'.</msg>
<status status="PASS" starttime="20220522 09:53:58.582" endtime="20220522 09:53:58.751"/>
</kw>
<kw name="Wait Until Element Is Visible" library="SeleniumLibrary">
<arg>${CONTA_ALERT_SUCESSO}</arg>
<doc>Waits until the element ``locator`` is visible.</doc>
<status status="PASS" starttime="20220522 09:53:58.751" endtime="20220522 09:54:00.086"/>
</kw>
<status status="PASS" starttime="20220522 09:53:58.582" endtime="20220522 09:54:00.086"/>
</kw>
<tag>Contas</tag>
<status status="PASS" starttime="20220522 09:53:49.631" endtime="20220522 09:54:00.086"/>
</test>
<status status="PASS" starttime="20220522 09:53:48.742" endtime="20220522 09:54:00.091"/>
</suite>
<statistics>
<total>
<stat pass="1" fail="0" skip="0">All Tests</stat>
</total>
<tag>
<stat pass="1" fail="0" skip="0">Contas</stat>
</tag>
<suite>
<stat pass="1" fail="0" skip="0" id="s1" name="testSite">testSite</stat>
</suite>
</statistics>
<errors>
</errors>
</robot>
